[0.012s] Invoking command in '/home/fariha/ros2_ws/src/automated_robot_planning/build/automated_robot_planning': /usr/bin/cmake /home/fariha/ros2_ws/src/automated_robot_planning -DCMAKE_INSTALL_PREFIX=/home/fariha/ros2_ws/src/automated_robot_planning/install/automated_robot_planning
[0.208s] -- The C compiler identification is GNU 11.4.0
[0.346s] -- The CXX compiler identification is GNU 11.4.0
[0.354s] -- Detecting C compiler ABI info
[0.512s] -- Detecting C compiler ABI info - done
[0.518s] -- Check for working C compiler: /usr/bin/cc - skipped
[0.519s] -- Detecting C compile features
[0.519s] -- Detecting C compile features - done
[0.522s] -- Detecting CXX compiler ABI info
[0.645s] -- Detecting CXX compiler ABI info - done
[0.653s] -- Check for working CXX compiler: /usr/bin/c++ - skipped
[0.653s] -- Detecting CXX compile features
[0.654s] -- Detecting CXX compile features - done
[0.664s] [31mCMake Error at CMakeLists.txt:11 (find_package):
[0.664s]   By not providing "Findament_cmake.cmake" in CMAKE_MODULE_PATH this project
[0.664s]   has asked CMake to find a package configuration file provided by
[0.664s]   "ament_cmake", but CMake did not find one.
[0.664s] 
[0.664s]   Could not find a package configuration file provided by "ament_cmake" with
[0.664s]   any of the following names:
[0.664s] 
[0.665s]     ament_cmakeConfig.cmake
[0.665s]     ament_cmake-config.cmake
[0.665s] 
[0.665s]   Add the installation prefix of "ament_cmake" to CMAKE_PREFIX_PATH or set
[0.665s]   "ament_cmake_DIR" to a directory containing one of the above files.  If
[0.665s]   "ament_cmake" provides a separate development package or SDK, be sure it
[0.665s]   has been installed.
[0.665s] 
[0.665s] -- Configuring incomplete, errors occurred!
[0.665s] See also "/home/fariha/ros2_ws/src/automated_robot_planning/build/automated_robot_planning/CMakeFiles/CMakeOutput.log".
[0.665s] [0m
[0.668s] Invoked command in '/home/fariha/ros2_ws/src/automated_robot_planning/build/automated_robot_planning' returned '1': /usr/bin/cmake /home/fariha/ros2_ws/src/automated_robot_planning -DCMAKE_INSTALL_PREFIX=/home/fariha/ros2_ws/src/automated_robot_planning/install/automated_robot_planning
