[0.091s] DEBUG:colcon:Command line arguments: ['/usr/bin/colcon', 'build', '--packages-select', 'automated_robot_planning']
[0.091s] DEBUG:colcon:Parsed command line arguments: Namespace(log_base=None, log_level=None, verb_name='build', build_base='build', install_base='install', merge_install=False, symlink_install=False, test_result_base=None, continue_on_error=False, executor='parallel', parallel_workers=16, event_handlers=None, ignore_user_meta=False, metas=['./colcon.meta'], base_paths=['.'], packages_ignore=None, packages_ignore_regex=None, paths=None, packages_up_to=None, packages_up_to_regex=None, packages_above=None, packages_above_and_dependencies=None, packages_above_depth=None, packages_select_by_dep=None, packages_skip_by_dep=None, packages_skip_up_to=None, packages_select_build_failed=False, packages_skip_build_finished=False, packages_select_test_failures=False, packages_skip_test_passed=False, packages_select=['automated_robot_planning'], packages_skip=None, packages_select_regex=None, packages_skip_regex=None, packages_start=None, packages_end=None, allow_overriding=[], cmake_args=None, cmake_target=None, cmake_target_skip_unavailable=False, cmake_clean_cache=False, cmake_clean_first=False, cmake_force_configure=False, ament_cmake_args=None, catkin_cmake_args=None, catkin_skip_building_tests=False, mixin_files=None, mixin=None, verb_parser=<colcon_mixin.mixin.mixin_argument.MixinArgumentDecorator object at 0x7efb07ec5330>, verb_extension=<colcon_core.verb.build.BuildVerb object at 0x7efb07ec4ca0>, main=<bound method BuildVerb.main of <colcon_core.verb.build.BuildVerb object at 0x7efb07ec4ca0>>, mixin_verb=('build',))
[0.242s] Level 1:colcon.colcon_core.package_discovery:discover_packages(colcon_meta) check parameters
[0.242s] Level 1:colcon.colcon_core.package_discovery:discover_packages(recursive) check parameters
[0.242s] Level 1:colcon.colcon_core.package_discovery:discover_packages(ignore) check parameters
[0.242s] Level 1:colcon.colcon_core.package_discovery:discover_packages(path) check parameters
[0.242s] Level 1:colcon.colcon_core.package_discovery:discover_packages(colcon_meta) discover
[0.242s] Level 1:colcon.colcon_core.package_discovery:discover_packages(recursive) discover
[0.242s] INFO:colcon.colcon_core.package_discovery:Crawling recursively for packages in '/home/fariha/ros2_ws/src/automated_robot_planning'
[0.242s] Level 1:colcon.colcon_core.package_identification:_identify(.) by extensions ['ignore', 'ignore_ament_install']
[0.242s] Level 1:colcon.colcon_core.package_identification:_identify(.) by extension 'ignore'
[0.243s] Level 1:colcon.colcon_core.package_identification:_identify(.) by extension 'ignore_ament_install'
[0.243s] Level 1:colcon.colcon_core.package_identification:_identify(.) by extensions ['colcon_pkg']
[0.243s] Level 1:colcon.colcon_core.package_identification:_identify(.) by extension 'colcon_pkg'
[0.243s] Level 1:colcon.colcon_core.package_identification:_identify(.) by extensions ['colcon_meta']
[0.243s] Level 1:colcon.colcon_core.package_identification:_identify(.) by extension 'colcon_meta'
[0.243s] Level 1:colcon.colcon_core.package_identification:_identify(.) by extensions ['ros']
[0.243s] Level 1:colcon.colcon_core.package_identification:_identify(.) by extension 'ros'
[0.256s] DEBUG:colcon.colcon_core.package_identification:Package '.' with type 'ros.ament_cmake' and name 'automated_robot_planning'
[0.256s] Level 1:colcon.colcon_core.package_discovery:discover_packages(recursive) using defaults
[0.256s] Level 1:colcon.colcon_core.package_discovery:discover_packages(ignore) discover
[0.256s] Level 1:colcon.colcon_core.package_discovery:discover_packages(ignore) using defaults
[0.256s] Level 1:colcon.colcon_core.package_discovery:discover_packages(path) discover
[0.256s] Level 1:colcon.colcon_core.package_discovery:discover_packages(path) using defaults
[0.270s] Level 1:colcon.colcon_core.package_discovery:discover_packages(prefix_path) check parameters
[0.270s] Level 1:colcon.colcon_core.package_discovery:discover_packages(prefix_path) discover
[0.271s] Level 1:colcon.colcon_core.package_discovery:discover_packages(prefix_path) using defaults
[0.272s] Level 5:colcon.colcon_core.verb:set package 'automated_robot_planning' build argument 'cmake_args' from command line to 'None'
[0.272s] Level 5:colcon.colcon_core.verb:set package 'automated_robot_planning' build argument 'cmake_target' from command line to 'None'
[0.272s] Level 5:colcon.colcon_core.verb:set package 'automated_robot_planning' build argument 'cmake_target_skip_unavailable' from command line to 'False'
[0.272s] Level 5:colcon.colcon_core.verb:set package 'automated_robot_planning' build argument 'cmake_clean_cache' from command line to 'False'
[0.272s] Level 5:colcon.colcon_core.verb:set package 'automated_robot_planning' build argument 'cmake_clean_first' from command line to 'False'
[0.272s] Level 5:colcon.colcon_core.verb:set package 'automated_robot_planning' build argument 'cmake_force_configure' from command line to 'False'
[0.272s] Level 5:colcon.colcon_core.verb:set package 'automated_robot_planning' build argument 'ament_cmake_args' from command line to 'None'
[0.272s] Level 5:colcon.colcon_core.verb:set package 'automated_robot_planning' build argument 'catkin_cmake_args' from command line to 'None'
[0.272s] Level 5:colcon.colcon_core.verb:set package 'automated_robot_planning' build argument 'catkin_skip_building_tests' from command line to 'False'
[0.272s] DEBUG:colcon.colcon_core.verb:Building package 'automated_robot_planning' with the following arguments: {'ament_cmake_args': None, 'build_base': '/home/fariha/ros2_ws/src/automated_robot_planning/build/automated_robot_planning', 'catkin_cmake_args': None, 'catkin_skip_building_tests': False, 'cmake_args': None, 'cmake_clean_cache': False, 'cmake_clean_first': False, 'cmake_force_configure': False, 'cmake_target': None, 'cmake_target_skip_unavailable': False, 'install_base': '/home/fariha/ros2_ws/src/automated_robot_planning/install/automated_robot_planning', 'merge_install': False, 'path': '/home/fariha/ros2_ws/src/automated_robot_planning', 'symlink_install': False, 'test_result_base': None}
[0.272s] INFO:colcon.colcon_core.executor:Executing jobs using 'parallel' executor
[0.273s] DEBUG:colcon.colcon_parallel_executor.executor.parallel:run_until_complete
[0.273s] INFO:colcon.colcon_ros.task.ament_cmake.build:Building ROS package in '/home/fariha/ros2_ws/src/automated_robot_planning' with build type 'ament_cmake'
[0.273s] INFO:colcon.colcon_cmake.task.cmake.build:Building CMake package in '/home/fariha/ros2_ws/src/automated_robot_planning'
[0.274s] INFO:colcon.colcon_core.plugin_system:Skipping extension 'colcon_core.shell.bat': Not used on non-Windows systems
[0.275s] INFO:colcon.colcon_core.shell:Skip shell extension 'powershell' for command environment: Not usable outside of PowerShell
[0.275s] DEBUG:colcon.colcon_core.shell:Skip shell extension 'dsv' for command environment
[0.286s] DEBUG:colcon.colcon_core.event_handler.log_command:Invoking command in '/home/fariha/ros2_ws/src/automated_robot_planning/build/automated_robot_planning': /usr/bin/cmake /home/fariha/ros2_ws/src/automated_robot_planning -DCMAKE_INSTALL_PREFIX=/home/fariha/ros2_ws/src/automated_robot_planning/install/automated_robot_planning
[0.942s] DEBUG:colcon.colcon_core.event_handler.log_command:Invoked command in '/home/fariha/ros2_ws/src/automated_robot_planning/build/automated_robot_planning' returned '1': /usr/bin/cmake /home/fariha/ros2_ws/src/automated_robot_planning -DCMAKE_INSTALL_PREFIX=/home/fariha/ros2_ws/src/automated_robot_planning/install/automated_robot_planning
[0.966s] Level 1:colcon.colcon_core.environment:create_environment_scripts_only(automated_robot_planning)
[0.969s] Level 1:colcon.colcon_core.environment:checking '/home/fariha/ros2_ws/src/automated_robot_planning/install/automated_robot_planning' for CMake module files
[0.969s] Level 1:colcon.colcon_core.environment:checking '/home/fariha/ros2_ws/src/automated_robot_planning/install/automated_robot_planning' for CMake config files
[0.969s] Level 1:colcon.colcon_core.environment:checking '/home/fariha/ros2_ws/src/automated_robot_planning/install/automated_robot_planning/bin'
[0.969s] Level 1:colcon.colcon_core.environment:checking '/home/fariha/ros2_ws/src/automated_robot_planning/install/automated_robot_planning/lib/pkgconfig/automated_robot_planning.pc'
[0.971s] Level 1:colcon.colcon_core.environment:checking '/home/fariha/ros2_ws/src/automated_robot_planning/install/automated_robot_planning/lib/python3.10/site-packages'
[0.971s] Level 1:colcon.colcon_core.environment:checking '/home/fariha/ros2_ws/src/automated_robot_planning/install/automated_robot_planning/bin'
[0.971s] INFO:colcon.colcon_core.shell:Creating package script '/home/fariha/ros2_ws/src/automated_robot_planning/install/automated_robot_planning/share/automated_robot_planning/package.ps1'
[0.972s] INFO:colcon.colcon_core.shell:Creating package descriptor '/home/fariha/ros2_ws/src/automated_robot_planning/install/automated_robot_planning/share/automated_robot_planning/package.dsv'
[0.973s] INFO:colcon.colcon_core.shell:Creating package script '/home/fariha/ros2_ws/src/automated_robot_planning/install/automated_robot_planning/share/automated_robot_planning/package.sh'
[0.973s] INFO:colcon.colcon_core.shell:Creating package script '/home/fariha/ros2_ws/src/automated_robot_planning/install/automated_robot_planning/share/automated_robot_planning/package.bash'
[0.974s] INFO:colcon.colcon_core.shell:Creating package script '/home/fariha/ros2_ws/src/automated_robot_planning/install/automated_robot_planning/share/automated_robot_planning/package.zsh'
[0.975s] Level 1:colcon.colcon_core.environment:create_file_with_runtime_dependencies(/home/fariha/ros2_ws/src/automated_robot_planning/install/automated_robot_planning/share/colcon-core/packages/automated_robot_planning)
[0.985s] DEBUG:colcon.colcon_parallel_executor.executor.parallel:closing loop
[0.986s] DEBUG:colcon.colcon_parallel_executor.executor.parallel:loop closed
[0.986s] DEBUG:colcon.colcon_parallel_executor.executor.parallel:run_until_complete finished with '1'
[0.986s] DEBUG:colcon.colcon_core.event_reactor:joining thread
[0.992s] INFO:colcon.colcon_core.plugin_system:Skipping extension 'colcon_notification.desktop_notification.terminal_notifier': Not used on non-Darwin systems
[0.992s] INFO:colcon.colcon_core.plugin_system:Skipping extension 'colcon_notification.desktop_notification.win32': Not used on non-Windows systems
[0.992s] INFO:colcon.colcon_notification.desktop_notification:Sending desktop notification using 'notify2'
[1.006s] DEBUG:colcon.colcon_core.event_reactor:joined thread
[1.006s] INFO:colcon.colcon_core.shell:Creating prefix script '/home/fariha/ros2_ws/src/automated_robot_planning/install/local_setup.ps1'
[1.007s] INFO:colcon.colcon_core.shell:Creating prefix util module '/home/fariha/ros2_ws/src/automated_robot_planning/install/_local_setup_util_ps1.py'
[1.010s] INFO:colcon.colcon_core.shell:Creating prefix chain script '/home/fariha/ros2_ws/src/automated_robot_planning/install/setup.ps1'
[1.011s] INFO:colcon.colcon_core.shell:Creating prefix script '/home/fariha/ros2_ws/src/automated_robot_planning/install/local_setup.sh'
[1.011s] INFO:colcon.colcon_core.shell:Creating prefix util module '/home/fariha/ros2_ws/src/automated_robot_planning/install/_local_setup_util_sh.py'
[1.012s] INFO:colcon.colcon_core.shell:Creating prefix chain script '/home/fariha/ros2_ws/src/automated_robot_planning/install/setup.sh'
[1.012s] INFO:colcon.colcon_core.shell:Creating prefix script '/home/fariha/ros2_ws/src/automated_robot_planning/install/local_setup.bash'
[1.013s] INFO:colcon.colcon_core.shell:Creating prefix chain script '/home/fariha/ros2_ws/src/automated_robot_planning/install/setup.bash'
[1.014s] INFO:colcon.colcon_core.shell:Creating prefix script '/home/fariha/ros2_ws/src/automated_robot_planning/install/local_setup.zsh'
[1.016s] INFO:colcon.colcon_core.shell:Creating prefix chain script '/home/fariha/ros2_ws/src/automated_robot_planning/install/setup.zsh'
